# block number 0
    26.54559 0, 0, 0, 0
    26.55000 0, 0, 0, 0
    26.56000 1, 1, 0, 0
    26.57000 1, 1, 0, 0
    26.58000 2, 2, 0, 0
    26.59000 3, 3, 0, 0
    26.60000 4, 4, 0, 0
    26.61000 5, 5, 0, 0
    26.62000 7, 7, 0, 0
    26.63000 9, 9, 0, 0
    26.64000 11, 11, 0, 0
    26.65000 14, 14, 0, 0
    26.66000 16, 16, 0, 0
    26.67000 19, 19, 0, 0
    26.68000 23, 23, 0, 0
    26.69000 26, 26, 0, 0
    26.70000 30, 30, 0, 0
    26.71000 34, 34, 0, 0
    26.72000 38, 38, 0, 0
    26.73000 43, 43, 0, 0
    26.74000 47, 47, 0, 0
    26.75000 52, 52, 0, 0
    26.76000 57, 57, 0, 0
    26.77000 63, 63, 0, 0
    26.78000 69, 69, 0, 0
    26.79000 75, 75, 0, 0
    26.80000 81, 81, 0, 0
    26.81000 87, 87, 0, 0
    26.82000 94, 94, 0, 0
    26.83000 101, 101, 0, 0
    26.84000 108, 108, 0, 0
    26.85000 116, 116, 0, 0
    26.86000 124, 124, 0, 0
    26.87000 131, 131, 0, 0
    26.88000 139, 139, 0, 0
    26.89000 146, 146, 0, 0
    26.90000 153, 153, 0, 0
    26.91000 160, 160, 0, 0
    26.92000 167, 167, 0, 0
    26.93000 173, 173, 0, 0
    26.94000 179, 179, 0, 0
    26.95000 185, 185, 0, 0
    26.96000 191, 191, 0, 0
    26.97000 196, 196, 0, 0
    26.98000 201, 201, 0, 0
    26.99000 206, 206, 0, 0
    27.00000 210, 210, 0, 0
    27.01000 215, 215, 0, 0
    27.02000 219, 219, 0, 0
    27.03000 223, 223, 0, 0
    27.04000 226, 226, 0, 0
    27.05000 229, 229, 0, 0
    27.06000 233, 233, 0, 0
    27.07000 235, 235, 0, 0
    27.08000 238, 238, 0, 0
    27.09000 240, 240, 0, 0
    27.10000 242, 242, 0, 0
    27.10283 243, 243, 0, 0
    31.73535 250, 250, 0, 0
# block number 1
    31.73535 250, 250, 0, 0
    31.74000 250, 250, 0, 0
    31.75000 249, 250, 0, 0
    31.76000 249, 250, 0, 0
    31.77000 248, 250, 0, 0
    31.78000 248, 250, 0, 0
    31.79000 246, 250, 0, 0
    31.80000 245, 250, 0, 0
    31.81000 243, 250, 0, 0
    31.82000 241, 250, 0, 0
    31.83000 239, 250, 0, 0
    31.84000 236, 250, 0, 0
    31.85000 234, 250, 0, 0
    31.86000 231, 250, 0, 0
    31.87000 228, 250, 0, 0
    31.88000 224, 250, 0, 0
    31.89000 220, 250, 0, 0
    31.90000 216, 250, 0, 0
    31.91000 212, 250, 0, 0
    31.92000 208, 250, 0, 0
    31.93000 203, 250, 0, 0
    31.94000 198, 250, 0, 0
    31.95000 193, 250, 0, 0
    31.96000 187, 250, 0, 0
    31.97000 182, 250, 0, 0
    31.98000 176, 250, 0, 0
    31.99000 170, 250, 0, 0
    32.00000 163, 250, 0, 0
    32.01000 156, 250, 0, 0
    32.02000 149, 250, 0, 0
    32.03000 142, 250, 0, 0
    32.04000 135, 250, 0, 0
    32.05000 127, 250, 0, 0
    32.06000 119, 250, 0, 0
    32.07000 112, 250, 0, 0
    32.08000 104, 250, 0, 0
    32.09000 97, 250, 0, 0
    32.10000 90, 250, 0, 0
    32.11000 84, 250, 0, 0
    32.12000 77, 250, 0, 0
    32.13000 71, 250, 0, 0
    32.14000 65, 250, 0, 0
    32.15000 60, 250, 0, 0
    32.16000 55, 250, 0, 0
    32.17000 49, 250, 0, 0
    32.18000 45, 250, 0, 0
    32.19000 40, 250, 0, 0
    32.20000 36, 250, 0, 0
    32.21000 32, 250, 0, 0
    32.22000 28, 250, 0, 0
    32.23000 24, 250, 0, 0
    32.24000 21, 250, 0, 0
    32.25000 18, 250, 0, 0
    32.26000 15, 250, 0, 0
    32.27000 12, 250, 0, 0
    32.28000 10, 250, 0, 0
    32.29000 8, 250, 0, 0
    32.29352 7, 250, 0, 0
    37.24471 0, 250, 0, 0
# block number 2
    37.24471 0, 250, 0, 0
    37.25000 0, 250, 0, 0
    37.26000 1, 250, 0, 0
    37.27000 1, 250, 0, 0
    37.28000 2, 250, 0, 0
    37.29000 2, 250, 0, 0
    37.30000 4, 250, 0, 0
    37.31000 5, 250, 0, 0
    37.32000 7, 250, 0, 0
    37.33000 9, 250, 0, 0
    37.34000 11, 250, 0, 0
    37.35000 13, 250, 0, 0
    37.36000 16, 250, 0, 0
    37.37000 19, 250, 0, 0
    37.38000 22, 250, 0, 0
    37.39000 26, 250, 0, 0
    37.40000 29, 250, 0, 0
    37.41000 33, 250, 0, 0
    37.42001 37, 250, 0, 0
    37.43000 42, 250, 0, 0
    37.44000 47, 250, 0, 0
    37.45000 52, 250, 0, 0
    37.46000 57, 250, 0, 0
    37.47000 62, 250, 0, 0
    37.48000 68, 250, 0, 0
    37.49000 74, 250, 0, 0
    37.50000 80, 250, 0, 0
    37.51000 86, 250, 0, 0
    37.52000 93, 250, 0, 0
    37.53000 100, 250, 0, 0
    37.54000 107, 250, 0, 0
    37.55000 115, 250, 0, 0
    37.56000 122, 250, 0, 0
    37.57000 130, 250, 0, 0
    37.58000 138, 250, 0, 0
    37.59000 145, 250, 0, 0
    37.60000 152, 250, 0, 0
    37.61000 159, 250, 0, 0
    37.62000 166, 250, 0, 0
    37.63000 172, 250, 0, 0
    37.64000 178, 250, 0, 0
    37.65000 184, 250, 0, 0
    37.66000 190, 250, 0, 0
    37.67001 195, 250, 0, 0
    37.68000 200, 250, 0, 0
    37.69000 205, 250, 0, 0
    37.70000 210, 250, 0, 0
    37.71000 214, 250, 0, 0
    37.72000 218, 250, 0, 0
    37.73000 222, 250, 0, 0
    37.74000 226, 250, 0, 0
    37.75000 229, 250, 0, 0
    37.76000 232, 250, 0, 0
    37.77000 235, 250, 0, 0
    37.78000 238, 250, 0, 0
    37.79000 240, 250, 0, 0
    37.80000 242, 250, 0, 0
    37.80423 243, 250, 0, 0
    43.34449 250, 250, 0, 0
# block number 3
    43.34449 250, 250, 0, 0
    43.35000 250, 250, 0, 0
    43.36000 250, 250, 1, 0
    43.37000 250, 250, 1, 0
    43.38000 250, 250, 2, 0
    43.39000 250, 250, 3, 0
    43.40000 250, 250, 4, 0
    43.41000 250, 250, 5, 0
    43.42001 250, 250, 7, 0
    43.43000 250, 250, 9, 0
    43.44000 250, 250, 11, 0
    43.45000 250, 250, 14, 0
    43.46000 250, 250, 17, 0
    43.47000 250, 250, 20, 0
    43.48000 250, 250, 23, 0
    43.49000 250, 250, 26, 0
    43.50000 250, 250, 30, 0
    43.51000 250, 250, 34, 0
    43.52000 250, 250, 38, 0
    43.53000 250, 250, 43, 0
    43.54000 250, 250, 48, 0
    43.55000 250, 250, 53, 0
    43.56000 250, 250, 58, 0
    43.57000 250, 250, 63, 0
    43.58000 250, 250, 69, 0
    43.59000 250, 250, 75, 0
    43.60000 250, 250, 81, 0
    43.61000 250, 250, 88, 0
    43.62000 250, 250, 95, 0
    43.63000 250, 250, 102, 0
    43.64000 250, 250, 109, 0
    43.65000 250, 250, 116, 0
    43.66000 250, 250, 124, 0
    43.67001 250, 250, 132, 0
    43.68000 250, 250, 139, 0
    43.69000 250, 250, 147, 0
    43.70000 250, 250, 154, 0
    43.71000 250, 250, 161, 0
    43.72000 250, 250, 167, 0
    43.73000 250, 250, 174, 0
    43.74000 250, 250, 180, 0
    43.75000 250, 250, 185, 0
    43.76000 250, 250, 191, 0
    43.77000 250, 250, 196, 0
    43.78000 250, 250, 201, 0
    43.79000 250, 250, 206, 0
    43.80000 250, 250, 211, 0
    43.81000 250, 250, 215, 0
    43.82000 250, 250, 219, 0
    43.83000 250, 250, 223, 0
    43.84000 250, 250, 226, 0
    43.85000 250, 250, 230, 0
    43.86000 250, 250, 233, 0
    43.87000 250, 250, 236, 0
    43.88000 250, 250, 238, 0
    43.89000 250, 250, 240, 0
    43.90000 250, 250, 242, 0
    43.90206 250, 250, 243, 0
    52.27571 250, 250, 250, 0
# block number 4
    52.27571 250, 250, 250, 0
    52.28000 250, 250, 250, 0
    52.29000 250, 250, 249, 0
    52.30000 250, 250, 249, 0
    52.31000 250, 250, 248, 0
    52.32000 250, 250, 248, 0
    52.33000 250, 250, 246, 0
    52.34000 250, 250, 245, 0
    52.35000 250, 250, 243, 0
    52.36000 250, 250, 241, 0
    52.37000 250, 250, 239, 0
    52.38000 250, 250, 236, 0
    52.39000 250, 250, 234, 0
    52.40000 250, 250, 231, 0
    52.41000 250, 250, 228, 0
    52.42001 250, 250, 224, 0
    52.43000 250, 250, 220, 0
    52.44000 250, 250, 216, 0
    52.45000 250, 250, 212, 0
    52.46000 250, 250, 208, 0
    52.47000 250, 250, 203, 0
    52.48000 250, 250, 198, 0
    52.49000 250, 250, 193, 0
    52.50000 250, 250, 187, 0
    52.51000 250, 250, 182, 0
    52.52000 250, 250, 176, 0
    52.53000 250, 250, 169, 0
    52.54000 250, 250, 163, 0
    52.55000 250, 250, 156, 0
    52.56000 250, 250, 149, 0
    52.57000 250, 250, 142, 0
    52.58000 250, 250, 135, 0
    52.59000 250, 250, 127, 0
    52.60000 250, 250, 119, 0
    52.61000 250, 250, 111, 0
    52.62000 250, 250, 102, 0
    52.63000 250, 250, 93, 0
    52.64000 250, 250, 85, 0
    52.65000 250, 250, 75, 0
    52.66000 250, 250, 66, 0
    52.67001 250, 250, 56, 0
    52.68000 250, 250, 46, 0
    52.69000 250, 250, 36, 0
    52.70000 250, 250, 25, 0
    52.71000 250, 250, 15, 0
    52.72000 250, 250, 4, 0
    52.73000 250, 250, -7, 0
    52.74000 250, 250, -18, 0
    52.75000 250, 250, -29, 0
    52.76000 250, 250, -39, 0
    52.77000 250, 250, -49, 0
    52.78000 250, 250, -59, 0
    52.79000 250, 250, -69, 0
    52.80000 250, 250, -78, 0
    52.81000 250, 250, -87, 0
    52.82000 250, 250, -96, 0
    52.83000 250, 250, -105, 0
    52.84000 250, 250, -113, 0
    52.85000 250, 250, -121, 0
    52.86000 250, 250, -129, 0
    52.87000 250, 250, -137, 0
    52.88000 250, 250, -144, 0
    52.89000 250, 250, -151, 0
    52.90000 250, 250, -158, 0
    52.91000 250, 250, -165, 0
    52.92001 250, 250, -171, 0
    52.93000 250, 250, -178, 0
    52.94000 250, 250, -183, 0
    52.95000 250, 250, -189, 0
    52.96000 250, 250, -194, 0
    52.97000 250, 250, -200, 0
    52.98000 250, 250, -204, 0
    52.99000 250, 250, -209, 0
    53.00000 250, 250, -214, 0
    53.01000 250, 250, -218, 0
    53.02000 250, 250, -222, 0
    53.03000 250, 250, -225, 0
    53.04000 250, 250, -229, 0
    53.05000 250, 250, -232, 0
    53.06000 250, 250, -235, 0
    53.07000 250, 250, -237, 0
    53.08000 250, 250, -240, 0
    53.09000 250, 250, -242, 0
    53.09528 250, 250, -243, 0
   266.34091 250, 250, -250, 0
# block number 5
   266.34091 250, 250, -250, 0
   266.35001 250, 250, -250, 0
   266.36002 249, 249, -250, 0
   266.37003 249, 249, -250, 0
   266.38000 248, 248, -250, 0
   266.39001 247, 247, -250, 0
   266.40002 246, 246, -250, 0
   266.41000 244, 244, -250, 0
   266.42001 242, 242, -250, 0
   266.43002 240, 240, -250, 0
   266.44000 238, 238, -250, 0
   266.45001 235, 235, -250, 0
   266.46002 233, 233, -250, 0
   266.47000 229, 229, -250, 0
   266.48001 226, 226, -250, 0
   266.49002 223, 223, -250, 0
   266.50000 219, 219, -250, 0
   266.51001 215, 215, -250, 0
   266.52002 210, 210, -250, 0
   266.53003 206, 206, -250, 0
   266.54001 201, 201, -250, 0
   266.55002 196, 196, -250, 0
   266.56003 190, 190, -250, 0
   266.57001 185, 185, -250, 0
   266.58002 179, 179, -250, 0
   266.59003 173, 173, -250, 0
   266.60001 167, 167, -250, 0
   266.61002 160, 160, -250, 0
   266.62003 153, 153, -250, 0
   266.63000 146, 146, -250, 0
   266.64001 139, 139, -250, 0
   266.65002 131, 131, -250, 0
   266.66000 123, 123, -250, 0
   266.67001 116, 116, -250, 0
   266.68002 108, 108, -250, 0
   266.69000 101, 101, -250, 0
   266.70001 94, 94, -250, 0
   266.71002 87, 87, -250, 0
   266.72000 81, 81, -250, 0
   266.73001 75, 75, -250, 0
   266.74002 69, 69, -250, 0
   266.75000 63, 63, -250, 0
   266.76001 57, 57, -250, 0
   266.77002 52, 52, -250, 0
   266.78003 47, 47, -250, 0
   266.79001 42, 42, -250, 0
   266.80002 38, 38, -250, 0
   266.81003 34, 34, -250, 0
   266.82001 30, 30, -250, 0
   266.83002 26, 26, -250, 0
   266.84003 23, 23, -250, 0
   266.85001 19, 19, -250, 0
   266.86002 16, 16, -250, 0
   266.87003 14, 14, -250, 0
   266.88000 11, 11, -250, 0
   266.89001 9, 9, -250, 0
   266.89902 7, 7, -250, 0
   270.36206 0, 0, -250, 0
# block number 6
   270.36206 0, 0, -250, 0
   270.37003 0, 0, -250, 0
   270.38000 1, 1, -250, 0
   270.39001 1, 1, -250, 0
   270.40002 2, 2, -250, 0
   270.41000 3, 3, -250, 0
   270.42001 4, 4, -250, 0
   270.43002 5, 5, -250, 0
   270.44000 7, 7, -250, 0
   270.45001 9, 9, -250, 0
   270.46002 12, 12, -250, 0
   270.47000 14, 14, -250, 0
   270.48001 17, 17, -250, 0
   270.49002 20, 20, -250, 0
   270.50000 23, 23, -250, 0
   270.51001 27, 27, -250, 0
   270.52002 30, 30, -250, 0
   270.53003 34, 34, -250, 0
   270.54001 39, 39, -250, 0
   270.55002 43, 43, -250, 0
   270.56003 48, 48, -250, 0
   270.57001 53, 53, -250, 0
   270.58002 58, 58, -250, 0
   270.59003 64, 64, -250, 0
   270.60001 69, 69, -250, 0
   270.61002 76, 76, -250, 0
   270.62003 82, 82, -250, 0
   270.63000 88, 88, -250, 0
   270.64001 95, 95, -250, 0
   270.65002 102, 102, -250, 0
   270.66000 109, 109, -250, 0
   270.67001 117, 117, -250, 0
   270.68002 125, 125, -250, 0
   270.69000 132, 132, -250, 0
   270.70001 140, 140, -250, 0
   270.71002 147, 147, -250, 0
   270.72000 154, 154, -250, 0
   270.73001 161, 161, -250, 0
   270.74002 168, 168, -250, 0
   270.75003 174, 174, -250, 0
   270.76001 180, 180, -250, 0
   270.77002 186, 186, -250, 0
   270.78003 191, 191, -250, 0
   270.79001 197, 197, -250, 0
   270.80002 202, 202, -250, 0
   270.81003 206, 206, -250, 0
   270.82001 211, 211, -250, 0
   270.83002 215, 215, -250, 0
   270.84003 219, 219, -250, 0
   270.85001 223, 223, -250, 0
   270.86005 227, 227, -250, 0
   270.87003 230, 230, -250, 0
   270.88000 233, 233, -250, 0
   270.89001 236, 236, -250, 0
   270.90002 238, 238, -250, 0
   270.91000 241, 241, -250, 0
   270.92001 243, 243, -250, 0
   270.92148 243, 243, -250, 0
   272.85248 250, 250, -250, 0
# block number 7
   272.85248 250, 250, -250, 0
   272.86005 250, 250, -250, 0
   272.87003 249, 249, -250, 0
   272.88000 249, 249, -250, 0
   272.89001 248, 248, -250, 0
   272.90002 247, 247, -250, 0
   272.91000 246, 246, -250, 0
   272.92001 244, 244, -250, 0
   272.93002 243, 243, -250, 0
   272.94000 241, 241, -250, 0
   272.95001 238, 238, -250, 0
   272.96002 236, 236, -250, 0
   272.97000 233, 233, -250, 0
   272.98001 230, 230, -250, 0
   272.99002 227, 227, -250, 0
   273.00000 223, 223, -250, 0
   273.01001 219, 219, -250, 0
   273.02002 215, 215, -250, 0
   273.03003 211, 211, -250, 0
   273.04001 207, 207, -250, 0
   273.05002 202, 202, -250, 0
   273.06003 197, 197, -250, 0
   273.07001 191, 191, -250, 0
   273.08002 186, 186, -250, 0
   273.09003 180, 180, -250, 0
   273.10001 174, 174, -250, 0
   273.11002 168, 168, -250, 0
   273.12003 161, 161, -250, 0
   273.13000 155, 155, -250, 0
   273.14001 148, 148, -250, 0
   273.15002 140, 140, -250, 0
   273.16000 133, 133, -250, 0
   273.17001 125, 125, -250, 0
   273.18002 117, 117, -250, 0
   273.19000 110, 110, -250, 0
   273.20001 102, 102, -250, 0
   273.21002 95, 95, -250, 0
   273.22000 89, 89, -250, 0
   273.23001 82, 82, -250, 0
   273.24002 76, 76, -250, 0
   273.25003 70, 70, -250, 0
   273.26001 64, 64, -250, 0
   273.27002 58, 58, -250, 0
   273.28003 53, 53, -250, 0
   273.29001 48, 48, -250, 0
   273.30002 43, 43, -250, 0
   273.31003 39, 39, -250, 0
   273.32001 35, 35, -250, 0
   273.33002 31, 31, -250, 0
   273.34003 27, 27, -250, 0
   273.35001 23, 23, -250, 0
   273.36005 20, 20, -250, 0
   273.37003 17, 17, -250, 0
   273.38000 14, 14, -250, 0
   273.39001 12, 12, -250, 0
   273.40002 9, 9, -250, 0
   273.41000 7, 7, -250, 0
   273.41095 7, 7, -250, 0
   434.10098 0, 0, -250, 0
# block number 8
   434.10098 0, 0, -250, 0
   434.11002 0, 0, -250, 0
   434.12003 1, 1, -250, 0
   434.13000 1, 1, -250, 0
   434.14001 2, 2, -250, 0
   434.15002 3, 3, -250, 0
   434.16000 4, 4, -250, 0
   434.17001 6, 6, -250, 0
   434.18002 8, 8, -250, 0
   434.19000 10, 10, -250, 0
   434.20001 12, 12, -250, 0
   434.21002 15, 15, -250, 0
   434.22000 17, 17, -250, 0
   434.23001 21, 21, -250, 0
   434.24002 24, 24, -250, 0
   434.25003 27, 27, -250, 0
   434.26001 31, 31, -250, 0
   434.27002 35, 35, -250, 0
   434.28003 40, 40, -250, 0
   434.29001 44, 44, -250, 0
   434.30002 49, 49, -250, 0
   434.31003 54, 54, -250, 0
   434.32001 60, 60, -250, 0
   434.33002 65, 65, -250, 0
   434.34003 71, 71, -250, 0
   434.35001 77, 77, -250, 0
   434.36005 83, 83, -250, 0
   434.37003 90, 90, -250, 0
   434.38000 97, 97, -250, 0
   434.39001 104, 104, -250, 0
   434.40002 111, 111, -250, 0
   434.41000 119, 119, -250, 0
   434.42001 126, 126, -250, 0
   434.43002 134, 134, -250, 0
   434.44000 142, 142, -250, 0
   434.45001 149, 149, -250, 0
   434.46002 156, 156, -250, 0
   434.47000 163, 163, -250, 0
   434.48001 169, 169, -250, 0
   434.49002 175, 175, -250, 0
   434.50000 181, 181, -250, 0
   434.51001 187, 187, -250, 0
   434.52002 193, 193, -250, 0
   434.53003 198, 198, -250, 0
   434.54001 203, 203, -250, 0
   434.55002 207, 207, -250, 0
   434.56003 212, 212, -250, 0
   434.57001 216, 216, -250, 0
   434.58002 220, 220, -250, 0
   434.59003 224, 224, -250, 0
   434.60001 227, 227, -250, 0
   434.61002 231, 231, -250, 0
   434.62003 234, 234, -250, 0
   434.63000 236, 236, -250, 0
   434.64001 239, 239, -250, 0
   434.65002 241, 241, -250, 0
   434.65906 243, 243, -250, 0
   544.63336 250, 250, -250, 0
# block number 9
   544.63336 250, 250, -250, 0
   544.64001 250, 250, -250, 0
   544.65002 249, 249, -250, 0
   544.66003 249, 249, -250, 0
   544.67004 248, 248, -250, 0
   544.68005 247, 247, -250, 0
   544.69000 246, 246, -250, 0
   544.70001 244, 244, -250, 0
   544.71002 243, 243, -250, 0
   544.72009 241, 241, -250, 0
   544.73004 238, 238, -250, 0
   544.74005 236, 236, -250, 0
   544.75000 233, 233, -250, 0
   544.76001 230, 230, -250, 0
   544.77002 227, 227, -250, 0
   544.78003 223, 223, -250, 0
   544.79004 219, 219, -250, 0
   544.80005 215, 215, -250, 0
   544.81006 211, 211, -250, 0
   544.82001 206, 206, -250, 0
   544.83002 202, 202, -250, 0
   544.84003 197, 197, -250, 0
   544.85004 191, 191, -250, 0
   544.86005 186, 186, -250, 0
   544.87006 180, 180, -250, 0
   544.88000 174, 174, -250, 0
   544.89008 168, 168, -250, 0
   544.90002 161, 161, -250, 0
   544.91003 154, 154, -250, 0
   544.92004 147, 147, -250, 0
   544.93005 140, 140, -250, 0
   544.94000 132, 132, -250, 0
   544.95001 125, 125, -250, 0
   544.96002 117, 117, -250, 0
   544.97003 109, 109, -250, 0
   544.98004 102, 102, -250, 0
   544.99005 95, 95, -250, 0
   545.00000 88, 88, -250, 0
   545.01001 82, 82, -250, 0
   545.02002 76, 76, -250, 0
   545.03003 70, 70, -250, 0
   545.04004 64, 64, -250, 0
   545.05005 58, 58, -250, 0
   545.06006 53, 53, -250, 0
   545.07001 48, 48, -250, 0
   545.08002 43, 43, -250, 0
   545.09003 39, 39, -250, 0
   545.10004 34, 34, -250, 0
   545.11005 30, 30, -250, 0
   545.12006 27, 27, -250, 0
   545.13000 23, 23, -250, 0
   545.14001 20, 20, -250, 0
   545.15002 17, 17, -250, 0
   545.16003 14, 14, -250, 0
   545.17004 12, 12, -250, 0
   545.18005 9, 9, -250, 0
   545.19000 7, 7, -250, 0
   545.19067 7, 7, -250, 0
   553.62439 0, 0, -250, 0
# block number 10
   553.62439 0, 0, -250, 0
   553.63000 0, 0, -250, 0
   553.64001 1, 1, -250, 0
   553.65002 1, 1, -250, 0
   553.66003 2, 2, -250, 0
   553.67004 3, 3, -250, 0
   553.68005 4, 4, -250, 0
   553.69000 5, 5, -250, 0
   553.70001 7, 7, -250, 0
   553.71002 9, 9, -250, 0
   553.72009 11, 11, -250, 0
   553.73004 14, 14, -250, 0
   553.74005 17, 17, -250, 0
   553.75000 20, 20, -250, 0
   553.76001 23, 23, -250, 0
   553.77002 26, 26, -250, 0
   553.78003 30, 30, -250, 0
   553.79004 34, 34, -250, 0
   553.80005 38, 38, -250, 0
   553.81006 43, 43, -250, 0
   553.82001 48, 48, -250, 0
   553.83002 53, 53, -250, 0
   553.84003 58, 58, -250, 0
   553.85004 63, 63, -250, 0
   553.86005 69, 69, -250, 0
   553.87006 75, 75, -250, 0
   553.88000 81, 81, -250, 0
   553.89008 88, 88, -250, 0
   553.90002 95, 95, -250, 0
   553.91003 102, 102, -250, 0
   553.92004 109, 109, -250, 0
   553.93005 117, 117, -250, 0
   553.94000 124, 124, -250, 0
   553.95001 132, 132, -250, 0
   553.96002 140, 140, -250, 0
   553.97003 147, 147, -250, 0
   553.98004 154, 154, -250, 0
   553.99005 161, 161, -250, 0
   554.00000 167, 167, -250, 0
   554.01001 174, 174, -250, 0
   554.02002 180, 180, -250, 0
   554.03003 185, 185, -250, 0
   554.04004 191, 191, -250, 0
   554.05005 196, 196, -250, 0
   554.06006 201, 201, -250, 0
   554.07001 206, 206, -250, 0
   554.08002 211, 211, -250, 0
   554.09003 215, 215, -250, 0
   554.10004 219, 219, -250, 0
   554.11005 223, 223, -250, 0
   554.12006 226, 226, -250, 0
   554.13000 230, 230, -250, 0
   554.14001 233, 233, -250, 0
   554.15002 236, 236, -250, 0
   554.16003 238, 238, -250, 0
   554.17004 240, 240, -250, 0
   554.18005 242, 242, -250, 0
   554.18195 243, 243, -250, 0
   600.30963 250, 250, -250, 0
# block number 11
   600.30963 250, 250, -250, 0
   600.31006 250, 250, -250, 0
   600.32001 250, 250, -250, 0
   600.33008 249, 249, -250, 0
   600.34003 249, 249, -250, 0
   600.35004 248, 248, -250, 0
   600.36005 247, 247, -250, 0
   600.37006 246, 246, -250, 0
   600.38000 244, 244, -250, 0
   600.39001 242, 242, -250, 0
   600.40002 240, 240, -250, 0
   600.41003 238, 238, -250, 0
   600.42004 235, 235, -250, 0
   600.43005 232, 232, -250, 0
   600.44000 229, 229, -250, 0
   600.45001 226, 226, -250, 0
   600.46002 222, 222, -250, 0
   600.47003 218, 218, -250, 0
   600.48004 214, 214, -250, 0
   600.49005 210, 210, -250, 0
   600.50006 205, 205, -250, 0
   600.51001 201, 201, -250, 0
   600.52002 195, 195, -250, 0
   600.53003 190, 190, -250, 0
   600.54004 184, 184, -250, 0
   600.55011 179, 179, -250, 0
   600.56006 172, 172, -250, 0
   600.57001 166, 166, -250, 0
   600.58002 160, 160, -250, 0
   600.59003 153, 153, -250, 0
   600.60004 146, 146, -250, 0
   600.61005 138, 138, -250, 0
   600.62006 131, 131, -250, 0
   600.63000 123, 123, -250, 0
   600.64001 115, 115, -250, 0
   600.65002 108, 108, -250, 0
   600.66003 100, 100, -250, 0
   600.67004 94, 94, -250, 0
   600.68005 87, 87, -250, 0
   600.69000 80, 80, -250, 0
   600.70001 74, 74, -250, 0
   600.71002 68, 68, -250, 0
   600.72009 62, 62, -250, 0
   600.73004 57, 57, -250, 0
   600.74005 52, 52, -250, 0
   600.75000 47, 47, -250, 0
   600.76001 42, 42, -250, 0
   600.77002 38, 38, -250, 0
   600.78003 33, 33, -250, 0
   600.79004 30, 30, -250, 0
   600.80005 26, 26, -250, 0
   600.81006 22, 22, -250, 0
   600.82001 19, 19, -250, 0
   600.83002 16, 16, -250, 0
   600.84003 13, 13, -250, 0
   600.85004 11, 11, -250, 0
   600.86005 9, 9, -250, 0
   600.86823 7, 7, -250, 0
   627.58234 0, 0, -250, 0
# block number 12
   627.58234 0, 0, -250, 0
   627.59003 0, 0, -250, 0
   627.60004 1, 1, -250, 0
   627.61005 1, 1, -250, 0
   627.62006 2, 2, -250, 0
   627.63000 3, 3, -250, 0
   627.64001 4, 4, -250, 0
   627.65002 6, 6, -250, 0
   627.66003 7, 7, -250, 0
   627.67004 9, 9, -250, 0
   627.68005 12, 12, -250, 0
   627.69000 14, 14, -250, 0
   627.70001 17, 17, -250, 0
   627.71002 20, 20, -250, 0
   627.72009 23, 23, -250, 0
   627.73004 27, 27, -250, 0
   627.74005 31, 31, -250, 0
   627.75000 35, 35, -250, 0
   627.76001 39, 39, -250, 0
   627.77002 43, 43, -250, 0
   627.78003 48, 48, -250, 0
   627.79004 53, 53, -250, 0
   627.80005 59, 59, -250, 0
   627.81006 64, 64, -250, 0
   627.82001 70, 70, -250, 0
   627.83002 76, 76, -250, 0
   627.84003 82, 82, -250, 0
   627.85004 89, 89, -250, 0
   627.86005 96, 96, -250, 0
   627.87006 103, 103, -250, 0
   627.88000 110, 110, -250, 0
   627.89008 117, 117, -250, 0
   627.90002 125, 125, -250, 0
   627.91003 133, 133, -250, 0
   627.92004 140, 140, -250, 0
   627.93005 148, 148, -250, 0
   627.94000 155, 155, -250, 0
   627.95001 161, 161, -250, 0
   627.96002 168, 168, -250, 0
   627.97003 174, 174, -250, 0
   627.98004 180, 180, -250, 0
   627.99005 186, 186, -250, 0
   628.00000 192, 192, -250, 0
   628.01001 197, 197, -250, 0
   628.02002 202, 202, -250, 0
   628.03003 207, 207, -250, 0
   628.04004 211, 211, -250, 0
   628.05005 215, 215, -250, 0
   628.06006 220, 220, -250, 0
   628.07001 223, 223, -250, 0
   628.08002 227, 227, -250, 0
   628.09003 230, 230, -250, 0
   628.10004 233, 233, -250, 0
   628.11005 236, 236, -250, 0
   628.12006 238, 238, -250, 0
   628.13000 241, 241, -250, 0
   628.14001 243, 243, -250, 0
   628.14081 243, 243, -250, 0
   663.46021 250, 250, -250, 0
# block number 13
   663.46021 250, 250, -250, 0
   663.47003 250, 250, -250, 0
   663.48004 249, 249, -250, 0
   663.49005 249, 249, -250, 0
   663.50006 248, 248, -250, 0
   663.51001 247, 247, -250, 0
   663.52002 246, 246, -250, 0
   663.53003 244, 244, -250, 0
   663.54004 242, 242, -250, 0
   663.55011 240, 240, -250, 0
   663.56006 238, 238, -250, 0
   663.57001 235, 235, -250, 0
   663.58002 233, 233, -250, 0
   663.59003 230, 230, -250, 0
   663.60004 226, 226, -250, 0
   663.61005 223, 223, -250, 0
   663.62006 219, 219, -250, 0
   663.63000 215, 215, -250, 0
   663.64001 211, 211, -250, 0
   663.65002 206, 206, -250, 0
   663.66003 201, 201, -250, 0
   663.67004 196, 196, -250, 0
   663.68005 191, 191, -250, 0
   663.69000 185, 185, -250, 0
   663.70001 179, 179, -250, 0
   663.71002 173, 173, -250, 0
   663.72009 167, 167, -250, 0
   663.73004 160, 160, -250, 0
   663.74005 154, 154, -250, 0
   663.75000 147, 147, -250, 0
   663.76001 139, 139, -250, 0
   663.77002 132, 132, -250, 0
   663.78003 124, 124, -250, 0
   663.79004 116, 116, -250, 0
   663.80005 109, 109, -250, 0
   663.81006 101, 101, -250, 0
   663.82001 94, 94, -250, 0
   663.83002 88, 88, -250, 0
   663.84003 81, 81, -250, 0
   663.85004 75, 75, -250, 0
   663.86005 69, 69, -250, 0
   663.87006 63, 63, -250, 0
   663.88000 58, 58, -250, 0
   663.89008 52, 52, -250, 0
   663.90002 47, 47, -250, 0
   663.91003 43, 43, -250, 0
   663.92004 38, 38, -250, 0
   663.93005 34, 34, -250, 0
   663.94000 30, 30, -250, 0
   663.95001 26, 26, -250, 0
   663.96002 23, 23, -250, 0
   663.97003 19, 19, -250, 0
   663.98004 17, 17, -250, 0
   663.99005 14, 14, -250, 0
   664.00000 11, 11, -250, 0
   664.01001 9, 9, -250, 0
   664.01959 7, 7, -250, 0
   665.72882 0, 0, -250, 0
# block number 14
   665.72882 0, 0, -250, 0
   665.73004 0, 0, -250, 0
   665.74005 1, 1, -250, 0
   665.75000 1, 1, -250, 0
   665.76001 2, 2, -250, 0
   665.77002 2, 2, -250, 0
   665.78003 3, 3, -250, 0
   665.79004 5, 5, -250, 0
   665.80005 6, 6, -250, 0
   665.81006 8, 8, -250, 0
   665.82001 10, 10, -250, 0
   665.83002 13, 13, -250, 0
   665.84003 15, 15, -250, 0
   665.85004 18, 18, -250, 0
   665.86005 21, 21, -250, 0
   665.87006 25, 25, -250, 0
   665.88000 28, 28, -250, 0
   665.89008 32, 32, -250, 0
   665.90002 36, 36, -250, 0
   665.91003 41, 41, -250, 0
   665.92004 45, 45, -250, 0
   665.93005 50, 50, -250, 0
   665.94000 55, 55, -250, 0
   665.95001 61, 61, -250, 0
   665.96002 66, 66, -250, 0
   665.97003 72, 72, -250, 0
   665.98004 78, 78, -250, 0
   665.99005 85, 85, -250, 0
   666.00000 91, 91, -250, 0
   666.01001 98, 98, -250, 0
   666.02002 105, 105, -250, 0
   666.03003 113, 113, -250, 0
   666.04004 120, 120, -250, 0
   666.05005 128, 128, -250, 0
   666.06006 136, 136, -250, 0
   666.07001 143, 143, -250, 0
   666.08002 150, 150, -250, 0
   666.09003 157, 157, -250, 0
   666.10004 164, 164, -250, 0
   666.11005 170, 170, -250, 0
   666.12006 177, 177, -250, 0
   666.13000 182, 182, -250, 0
   666.14001 188, 188, -250, 0
   666.15002 194, 194, -250, 0
   666.16003 199, 199, -250, 0
   666.17004 204, 204, -250, 0
   666.18005 208, 208, -250, 0
   666.19000 213, 213, -250, 0
   666.20001 217, 217, -250, 0
   666.21002 221, 221, -250, 0
   666.22003 225, 225, -250, 0
   666.23004 228, 228, -250, 0
   666.24005 231, 231, -250, 0
   666.25000 234, 234, -250, 0
   666.26001 237, 237, -250, 0
   666.27002 239, 239, -250, 0
   666.28003 241, 241, -250, 0
   666.28711 243, 243, -250, 0
   671.21741 250, 250, -250, 0
# block number 15
   671.21741 250, 250, -250, 0
   671.22003 250, 250, -250, 0
   671.23004 249, 249, -250, 0
   671.24005 249, 249, -250, 0
   671.25000 248, 248, -250, 0
   671.26001 248, 248, -250, 0
   671.27002 247, 247, -250, 0
   671.28003 245, 245, -250, 0
   671.29004 244, 244, -250, 0
   671.30005 242, 242, -250, 0
   671.31006 240, 240, -250, 0
   671.32001 237, 237, -250, 0
   671.33008 235, 235, -250, 0
   671.34003 232, 232, -250, 0
   671.35004 229, 229, -250, 0
   671.36005 225, 225, -250, 0
   671.37006 221, 221, -250, 0
   671.38000 218, 218, -250, 0
   671.39001 213, 213, -250, 0
   671.40002 209, 209, -250, 0
   671.41003 204, 204, -250, 0
   671.42004 199, 199, -250, 0
   671.43005 194, 194, -250, 0
   671.44000 189, 189, -250, 0
   671.45001 183, 183, -250, 0
   671.46002 177, 177, -250, 0
   671.47003 171, 171, -250, 0
   671.48004 165, 165, -250, 0
   671.49005 158, 158, -250, 0
   671.50006 151, 151, -250, 0
   671.51001 144, 144, -250, 0
   671.52002 137, 137, -250, 0
   671.53003 129, 129, -250, 0
   671.54004 121, 121, -250, 0
   671.55011 114, 114, -250, 0
   671.56006 106, 106, -250, 0
   671.57001 99, 99, -250, 0
   671.58002 92, 92, -250, 0
   671.59003 86, 86, -250, 0
   671.60004 79, 79, -250, 0
   671.61005 73, 73, -250, 0
   671.62006 67, 67, -250, 0
   671.63000 61, 61, -250, 0
   671.64001 56, 56, -250, 0
   671.65002 51, 51, -250, 0
   671.66003 46, 46, -250, 0
   671.67004 41, 41, -250, 0
   671.68005 37, 37, -250, 0
   671.69000 33, 33, -250, 0
   671.70001 29, 29, -250, 0
   671.71002 25, 25, -250, 0
   671.72009 22, 22, -250, 0
   671.73004 18, 18, -250, 0
   671.74005 16, 16, -250, 0
   671.75000 13, 13, -250, 0
   671.76001 11, 11, -250, 0
   671.77002 8, 8, -250, 0
   671.77625 7, 7, -250, 0
   675.07703 0, 0, -250, 0
# block number 16
   675.07703 0, 0, -250, 0
   675.08002 0, 0, -250, 0
   675.09003 1, 1, -250, 0
   675.10004 1, 1, -250, 0
   675.11005 2, 2, -250, 0
   675.12006 2, 2, -250, 0
   675.13000 3, 3, -250, 0
   675.14001 5, 5, -250, 0
   675.15002 6, 6, -250, 0
   675.16003 8, 8, -250, 0
   675.17004 11, 11, -250, 0
   675.18005 13, 13, -250, 0
   675.19000 16, 16, -250, 0
   675.20001 19, 19, -250, 0
   675.21002 22, 22, -250, 0
   675.22003 25, 25, -250, 0
   675.23004 29, 29, -250, 0
   675.24005 33, 33, -250, 0
   675.25000 37, 37, -250, 0
   675.26001 41, 41, -250, 0
   675.27002 46, 46, -250, 0
   675.28003 51, 51, -250, 0
   675.29004 56, 56, -250, 0
   675.30005 62, 62, -250, 0
   675.31006 67, 67, -250, 0
   675.32001 73, 73, -250, 0
   675.33008 79, 79, -250, 0
   675.34003 86, 86, -250, 0
   675.35004 92, 92, -250, 0
   675.36005 99, 99, -250, 0
   675.37006 106, 106, -250, 0
   675.38000 114, 114, -250, 0
   675.39001 122, 122, -250, 0
   675.40002 129, 129, -250, 0
   675.41003 137, 137, -250, 0
   675.42004 144, 144, -250, 0
   675.43005 152, 152, -250, 0
   675.44000 158, 158, -250, 0
   675.45001 165, 165, -250, 0
   675.46002 171, 171, -250, 0
   675.47003 178, 178, -250, 0
   675.48004 183, 183, -250, 0
   675.49005 189, 189, -250, 0
   675.50006 194, 194, -250, 0
   675.51001 200, 200, -250, 0
   675.52002 204, 204, -250, 0
   675.53003 209, 209, -250, 0
   675.54004 214, 214, -250, 0
   675.55011 218, 218, -250, 0
   675.56006 222, 222, -250, 0
   675.57001 225, 225, -250, 0
   675.58002 229, 229, -250, 0
   675.59003 232, 232, -250, 0
   675.60004 235, 235, -250, 0
   675.61005 237, 237, -250, 0
   675.62006 240, 240, -250, 0
   675.63000 242, 242, -250, 0
   675.63544 243, 243, -250, 0
   691.48389 250, 250, -250, 0
# block number 17
   691.48389 250, 250, -250, 0
   691.49005 250, 250, -250, 0
   691.50006 249, 249, -250, 0
   691.51001 249, 249, -250, 0
   691.52002 248, 248, -250, 0
   691.53003 247, 247, -250, 0
   691.54004 246, 246, -250, 0
   691.55011 245, 245, -250, 0
   691.56006 243, 243, -250, 0
   691.57001 241, 241, -250, 0
   691.58002 239, 239, -250, 0
   691.59003 236, 236, -250, 0
   691.60004 233, 233, -250, 0
   691.61005 230, 230, -250, 0
   691.62006 227, 227, -250, 0
   691.63000 224, 224, -250, 0
   691.64001 220, 220, -250, 0
   691.65002 216, 216, -250, 0
   691.66003 211, 211, -250, 0
   691.67004 207, 207, -250, 0
   691.68005 202, 202, -250, 0
   691.69000 197, 197, -250, 0
   691.70001 192, 192, -250, 0
   691.71002 186, 186, -250, 0
   691.72009 181, 181, -250, 0
   691.73004 175, 175, -250, 0
   691.74005 168, 168, -250, 0
   691.75000 162, 162, -250, 0
   691.76001 155, 155, -250, 0
   691.77002 148, 148, -250, 0
   691.78003 141, 141, -250, 0
   691.79004 133, 133, -250, 0
   691.80005 126, 126, -250, 0
   691.81006 118, 118, -250, 0
   691.82001 110, 110, -250, 0
   691.83002 103, 103, -250, 0
   691.84003 96, 96, -250, 0
   691.85004 89, 89, -250, 0
   691.86005 83, 83, -250, 0
   691.87006 76, 76, -250, 0
   691.88000 70, 70, -250, 0
   691.89008 64, 64, -250, 0
   691.90002 59, 59, -250, 0
   691.91003 54, 54, -250, 0
   691.92004 49, 49, -250, 0
   691.93005 44, 44, -250, 0
   691.94000 39, 39, -250, 0
   691.95001 35, 35, -250, 0
   691.96002 31, 31, -250, 0
   691.97003 27, 27, -250, 0
   691.98004 24, 24, -250, 0
   691.99005 20, 20, -250, 0
   692.00000 17, 17, -250, 0
   692.01001 14, 14, -250, 0
   692.02002 12, 12, -250, 0
   692.03003 10, 10, -250, 0
   692.04004 7, 7, -250, 0
   692.04181 7, 7, -250, 0
   694.64709 0, 0, -250, 0
# block number 18
   694.64709 0, 0, -250, 0
   694.65002 0, 0, -250, 0
   694.66003 1, 1, -250, 0
   694.67004 1, 1, -250, 0
   694.68005 2, 2, -250, 0
   694.69000 2, 2, -250, 0
   694.70001 4, 4, -250, 0
   694.71002 5, 5, -250, 0
   694.72009 7, 7, -250, 0
   694.73004 9, 9, -250, 0
   694.74005 11, 11, -250, 0
   694.75000 13, 13, -250, 0
   694.76001 16, 16, -250, 0
   694.77002 19, 19, -250, 0
   694.78003 22, 22, -250, 0
   694.79004 25, 25, -250, 0
   694.80005 29, 29, -250, 0
   694.81006 33, 33, -250, 0
   694.82001 37, 37, -250, 0
   694.83002 42, 42, -250, 0
   694.84003 46, 46, -250, 0
   694.85004 51, 51, -250, 0
   694.86005 57, 57, -250, 0
   694.87006 62, 62, -250, 0
   694.88000 68, 68, -250, 0
   694.89008 74, 74, -250, 0
   694.90002 80, 80, -250, 0
   694.91003 86, 86, -250, 0
   694.92004 93, 93, -250, 0
   694.93005 100, 100, -250, 0
   694.94000 107, 107, -250, 0
   694.95001 114, 114, -250, 0
   694.96002 122, 122, -250, 0
   694.97003 130, 130, -250, 0
   694.98004 138, 138, -250, 0
   694.99005 145, 145, -250, 0
   695.00000 152, 152, -250, 0
   695.01001 159, 159, -250, 0
   695.02002 166, 166, -250, 0
   695.03003 172, 172, -250, 0
   695.04004 178, 178, -250, 0
   695.05005 184, 184, -250, 0
   695.06006 190, 190, -250, 0
   695.07001 195, 195, -250, 0
   695.08002 200, 200, -250, 0
   695.09003 205, 205, -250, 0
   695.10004 210, 210, -250, 0
   695.11005 214, 214, -250, 0
   695.12006 218, 218, -250, 0
   695.13000 222, 222, -250, 0
   695.14001 225, 225, -250, 0
   695.15002 229, 229, -250, 0
   695.16003 232, 232, -250, 0
   695.17004 235, 235, -250, 0
   695.18005 237, 237, -250, 0
   695.19000 240, 240, -250, 0
   695.20001 242, 242, -250, 0
   695.20459 243, 243, -250, 0
   700.69788 250, 250, -250, 0
# block number 19
   700.69788 250, 250, -250, 0
   700.70001 250, 250, -250, 0
   700.71002 250, 250, -250, 0
   700.72009 249, 249, -250, 0
   700.73004 249, 249, -250, 0
   700.74005 248, 248, -250, 0
   700.75000 247, 247, -250, 0
   700.76001 245, 245, -250, 0
   700.77002 244, 244, -250, 0
   700.78003 242, 242, -250, 0
   700.79004 240, 240, -250, 0
   700.80005 238, 238, -250, 0
   700.81006 235, 235, -250, 0
   700.82001 232, 232, -250, 0
   700.83002 229, 229, -250, 0
   700.84003 226, 226, -250, 0
   700.85004 222, 222, -250, 0
   700.86005 218, 218, -250, 0
   700.87006 214, 214, -250, 0
   700.88000 210, 210, -250, 0
   700.89008 205, 205, -250, 0
   700.90002 200, 200, -250, 0
   700.91003 195, 195, -250, 0
   700.92004 190, 190, -250, 0
   700.93005 184, 184, -250, 0
   700.94000 178, 178, -250, 0
   700.95001 172, 172, -250, 0
   700.96002 166, 166, -250, 0
   700.97003 159, 159, -250, 0
   700.98004 152, 152, -250, 0
   700.99005 145, 145, -250, 0
   701.00000 138, 138, -250, 0
   701.01001 130, 130, -250, 0
   701.02002 122, 122, -250, 0
   701.03003 115, 115, -250, 0
   701.04004 107, 107, -250, 0
   701.05005 100, 100, -250, 0
   701.06006 93, 93, -250, 0
   701.07001 86, 86, -250, 0
   701.08002 80, 80, -250, 0
   701.09003 74, 74, -250, 0
   701.10004 68, 68, -250, 0
   701.11005 62, 62, -250, 0
   701.12006 57, 57, -250, 0
   701.13000 51, 51, -250, 0
   701.14001 46, 46, -250, 0
   701.15002 42, 42, -250, 0
   701.16003 37, 37, -250, 0
   701.17004 33, 33, -250, 0
   701.18005 29, 29, -250, 0
   701.19000 26, 26, -250, 0
   701.20001 22, 22, -250, 0
   701.21002 19, 19, -250, 0
   701.22003 16, 16, -250, 0
   701.23004 13, 13, -250, 0
   701.24005 11, 11, -250, 0
   701.25000 9, 9, -250, 0
   701.25745 7, 7, -250, 0
   878.37872 0, 0, -250, 0
# block number 20
   878.37872 0, 0, -250, 0
   878.38000 0, 0, -250, 0
   878.39001 0, 0, -250, 0
   878.40002 1, 1, -250, 0
   878.41003 1, 1, -250, 0
   878.42004 2, 2, -250, 0
   878.43005 3, 3, -250, 0
   878.44000 5, 5, -250, 0
   878.45001 6, 6, -250, 0
   878.46002 8, 8, -250, 0
   878.47003 10, 10, -250, 0
   878.48004 12, 12, -250, 0
   878.49005 15, 15, -250, 0
   878.50006 18, 18, -250, 0
   878.51001 21, 21, -250, 0
   878.52002 24, 24, -250, 0
   878.53003 28, 28, -250, 0
   878.54004 32, 32, -250, 0
   878.55011 36, 36, -250, 0
   878.56006 40, 40, -250, 0
   878.57001 45, 45, -250, 0
   878.58002 50, 50, -250, 0
   878.59003 55, 55, -250, 0
   878.60004 60, 60, -250, 0
   878.61005 66, 66, -250, 0
   878.62006 72, 72, -250, 0
   878.63000 78, 78, -250, 0
   878.64001 84, 84, -250, 0
   878.65002 91, 91, -250, 0
   878.66003 98, 98, -250, 0
   878.67004 105, 105, -250, 0
   878.68005 112, 112, -250, 0
   878.69000 120, 120, -250, 0
   878.70001 128, 128, -250, 0
   878.71002 135, 135, -250, 0
   878.72009 143, 143, -250, 0
   878.73004 150, 150, -250, 0
   878.74005 157, 157, -250, 0
   878.75000 164, 164, -250, 0
   878.76001 170, 170, -250, 0
   878.77002 176, 176, -250, 0
   878.78003 182, 182, -250, 0
   878.79004 188, 188, -250, 0
   878.80005 193, 193, -250, 0
   878.81006 199, 199, -250, 0
   878.82001 203, 203, -250, 0
   878.83002 208, 208, -250, 0
   878.84003 213, 213, -250, 0
   878.85004 217, 217, -250, 0
   878.86005 221, 221, -250, 0
   878.87006 224, 224, -250, 0
   878.88000 228, 228, -250, 0
   878.89008 231, 231, -250, 0
   878.90002 234, 234, -250, 0
   878.91003 237, 237, -250, 0
   878.92004 239, 239, -250, 0
   878.93005 241, 241, -250, 0
   878.93756 243, 243, -250, 0
   890.02753 250, 250, -250, 0
# block number 21
   890.02753 250, 250, -250, 0
   890.03003 250, 250, -250, 0
   890.04004 249, 249, -250, 0
   890.05005 249, 249, -250, 0
   890.06006 248, 248, -250, 0
   890.07001 248, 248, -250, 0
   890.08002 247, 247, -250, 0
   890.09003 245, 245, -250, 0
   890.10004 244, 244, -250, 0
   890.11005 242, 242, -250, 0
   890.12006 240, 240, -250, 0
   890.13000 237, 237, -250, 0
   890.14001 235, 235, -250, 0
   890.15002 232, 232, -250, 0
   890.16003 229, 229, -250, 0
   890.17004 225, 225, -250, 0
   890.18005 222, 222, -250, 0
   890.19000 218, 218, -250, 0
   890.20001 214, 214, -250, 0
   890.21002 209, 209, -250, 0
   890.22003 205, 205, -250, 0
   890.23004 200, 200, -250, 0
   890.24005 195, 195, -250, 0
   890.25000 189, 189, -250, 0
   890.26001 184, 184, -250, 0
   890.27002 178, 178, -250, 0
   890.28003 172, 172, -250, 0
   890.29004 165, 165, -250, 0
   890.30005 159, 159, -250, 0
   890.31006 152, 152, -250, 0
   890.32001 145, 145, -250, 0
   890.33008 137, 137, -250, 0
   890.34003 130, 130, -250, 0
   890.35004 122, 122, -250, 0
   890.36005 114, 114, -250, 0
   890.37006 107, 107, -250, 0
   890.38000 99, 99, -250, 0
   890.39001 93, 93, -250, 0
   890.40002 86, 86, -250, 0
   890.41003 79, 79, -250, 0
   890.42004 73, 73, -250, 0
   890.43005 67, 67, -250, 0
   890.44000 62, 62, -250, 0
   890.45001 56, 56, -250, 0
   890.46002 51, 51, -250, 0
   890.47003 46, 46, -250, 0
   890.48004 41, 41, -250, 0
   890.49005 37, 37, -250, 0
   890.50006 33, 33, -250, 0
   890.51001 29, 29, -250, 0
   890.52002 25, 25, -250, 0
   890.53003 22, 22, -250, 0
   890.54004 19, 19, -250, 0
   890.55011 16, 16, -250, 0
   890.56006 13, 13, -250, 0
   890.57001 11, 11, -250, 0
   890.58002 8, 8, -250, 0
   890.58673 7, 7, -250, 0
   935.28192 0, 0, -250, 0
# block number 22
   935.28192 0, 0, -250, 0
   935.29004 0, 0, -250, 0
   935.30005 1, 1, -250, 0
   935.31006 1, 1, -250, 0
   935.32001 2, 2, -250, 0
   935.33008 3, 3, -250, 0
   935.34003 4, 4, -250, 0
   935.35004 6, 6, -250, 0
   935.36005 8, 8, -250, 0
   935.37006 10, 10, -250, 0
   935.38000 12, 12, -250, 0
   935.39001 15, 15, -250, 0
   935.40002 17, 17, -250, 0
   935.41003 20, 20, -250, 0
   935.42004 24, 24, -250, 0
   935.43005 27, 27, -250, 0
   935.44000 31, 31, -250, 0
   935.45001 35, 35, -250, 0
   935.46002 39, 39, -250, 0
   935.47003 44, 44, -250, 0
   935.48004 49, 49, -250, 0
   935.49005 54, 54, -250, 0
   935.50006 59, 59, -250, 0
   935.51001 65, 65, -250, 0
   935.52002 71, 71, -250, 0
   935.53003 77, 77, -250, 0
   935.54004 83, 83, -250, 0
   935.55011 90, 90, -250, 0
   935.56006 96, 96, -250, 0
   935.57001 103, 103, -250, 0
   935.58002 111, 111, -250, 0
   935.59003 118, 118, -250, 0
   935.60004 126, 126, -250, 0
   935.61005 134, 134, -250, 0
   935.62006 141, 141, -250, 0
   935.63000 149, 149, -250, 0
   935.64001 156, 156, -250, 0
   935.65002 162, 162, -250, 0
   935.66003 169, 169, -250, 0
   935.67004 175, 175, -250, 0
   935.68005 181, 181, -250, 0
   935.69000 187, 187, -250, 0
   935.70001 192, 192, -250, 0
   935.71002 198, 198, -250, 0
   935.72009 203, 203, -250, 0
   935.73004 207, 207, -250, 0
   935.74005 212, 212, -250, 0
   935.75000 216, 216, -250, 0
   935.76001 220, 220, -250, 0
   935.77002 224, 224, -250, 0
   935.78003 227, 227, -250, 0
   935.79004 231, 231, -250, 0
   935.80005 234, 234, -250, 0
   935.81006 236, 236, -250, 0
   935.82001 239, 239, -250, 0
   935.83002 241, 241, -250, 0
   935.83948 243, 243, -250, 0
   949.69843 250, 250, -250, 0
# block number 23
   949.69843 250, 250, -250, 0
   949.70001 250, 250, -250, 0
   949.71002 249, 249, -250, 0
   949.72009 249, 249, -250, 0
   949.73004 248, 248, -250, 0
   949.74005 248, 248, -250, 0
   949.75000 247, 247, -250, 0
   949.76001 245, 245, -250, 0
   949.77002 244, 244, -250, 0
   949.78003 242, 242, -250, 0
   949.79004 240, 240, -250, 0
   949.80005 237, 237, -250, 0
   949.81006 235, 235, -250, 0
   949.82001 232, 232, -250, 0
   949.83002 229, 229, -250, 0
   949.84003 225, 225, -250, 0
   949.85004 221, 221, -250, 0
   949.86005 218, 218, -250, 0
   949.87006 213, 213, -250, 0
   949.88000 209, 209, -250, 0
   949.89008 204, 204, -250, 0
   949.90002 200, 200, -250, 0
   949.91003 194, 194, -250, 0
   949.92004 189, 189, -250, 0
   949.93005 183, 183, -250, 0
   949.94000 177, 177, -250, 0
   949.95001 171, 171, -250, 0
   949.96002 165, 165, -250, 0
   949.97003 158, 158, -250, 0
   949.98004 151, 151, -250, 0
   949.99005 144, 144, -250, 0
   950.00000 137, 137, -250, 0
   950.01001 129, 129, -250, 0
   950.02002 121, 121, -250, 0
   950.03003 114, 114, -250, 0
   950.04004 106, 106, -250, 0
   950.05005 99, 99, -250, 0
   950.06006 92, 92, -250, 0
   950.07001 86, 86, -250, 0
   950.08002 79, 79, -250, 0
   950.09003 73, 73, -250, 0
   950.10004 67, 67, -250, 0
   950.11005 61, 61, -250, 0
   950.12006 56, 56, -250, 0
   950.13000 51, 51, -250, 0
   950.14001 46, 46, -250, 0
   950.15002 41, 41, -250, 0
   950.16003 37, 37, -250, 0
   950.17004 33, 33, -250, 0
   950.18005 29, 29, -250, 0
   950.19000 25, 25, -250, 0
   950.20001 22, 22, -250, 0
   950.21002 18, 18, -250, 0
   950.22003 16, 16, -250, 0
   950.23004 13, 13, -250, 0
   950.24005 11, 11, -250, 0
   950.25000 8, 8, -250, 0
   950.25623 7, 7, -250, 0
   960.29468 0, 0, -250, 0
# block number 24
   960.29468 0, 0, -250, 0
   960.30005 0, 0, -250, 0
   960.31006 1, 1, -250, 0
   960.32001 1, 1, -250, 0
   960.33008 2, 2, -250, 0
   960.34003 3, 3, -250, 0
   960.35004 4, 4, -250, 0
   960.36005 5, 5, -250, 0
   960.37006 7, 7, -250, 0
   960.38000 9, 9, -250, 0
   960.39001 11, 11, -250, 0
   960.40002 14, 14, -250, 0
   960.41003 17, 17, -250, 0
   960.42004 20, 20, -250, 0
   960.43005 23, 23, -250, 0
   960.44000 26, 26, -250, 0
   960.45001 30, 30, -250, 0
   960.46002 34, 34, -250, 0
   960.47003 38, 38, -250, 0
   960.48004 43, 43, -250, 0
   960.49005 48, 48, -250, 0
   960.50006 53, 53, -250, 0
   960.51001 58, 58, -250, 0
   960.52002 63, 63, -250, 0
   960.53003 69, 69, -250, 0
   960.54004 75, 75, -250, 0
   960.55011 81, 81, -250, 0
   960.56006 88, 88, -250, 0
   960.57001 95, 95, -250, 0
   960.58002 102, 102, -250, 0
   960.59003 109, 109, -250, 0
   960.60004 116, 116, -250, 0
   960.61005 124, 124, -250, 0
   960.62006 132, 132, -250, 0
   960.63000 139, 139, -250, 0
   960.64001 147, 147, -250, 0
   960.65002 154, 154, -250, 0
   960.66003 161, 161, -250, 0
   960.67004 167, 167, -250, 0
   960.68005 174, 174, -250, 0
   960.69000 180, 180, -250, 0
   960.70001 185, 185, -250, 0
   960.71002 191, 191, -250, 0
   960.72009 196, 196, -250, 0
   960.73004 201, 201, -250, 0
   960.74005 206, 206, -250, 0
   960.75000 211, 211, -250, 0
   960.76001 215, 215, -250, 0
   960.77002 219, 219, -250, 0
   960.78003 223, 223, -250, 0
   960.79004 226, 226, -250, 0
   960.80005 230, 230, -250, 0
   960.81006 233, 233, -250, 0
   960.82001 236, 236, -250, 0
   960.83002 238, 238, -250, 0
   960.84003 240, 240, -250, 0
   960.85004 242, 242, -250, 0
   960.85205 243, 243, -250, 0
  1074.68555 250, 250, -250, 0
# block number 25
  1074.68555 250, 250, -250, 0
  1074.69006 250, 250, -250, 0
  1074.70007 249, 249, -250, 0
  1074.71008 249, 249, -250, 0
  1074.72009 248, 248, -250, 0
  1074.73010 247, 247, -250, 0
  1074.74011 246, 246, -250, 0
  1074.75000 245, 245, -250, 0
  1074.76001 243, 243, -250, 0
  1074.77002 241, 241, -250, 0
  1074.78003 239, 239, -250, 0
  1074.79004 236, 236, -250, 0
  1074.80005 234, 234, -250, 0
  1074.81006 231, 231, -250, 0
  1074.82007 227, 227, -250, 0
  1074.83008 224, 224, -250, 0
  1074.84009 220, 220, -250, 0
  1074.85010 216, 216, -250, 0
  1074.86011 212, 212, -250, 0
  1074.87012 207, 207, -250, 0
  1074.88000 203, 203, -250, 0
  1074.89001 198, 198, -250, 0
  1074.90002 193, 193, -250, 0
  1074.91003 187, 187, -250, 0
  1074.92004 181, 181, -250, 0
  1074.93005 175, 175, -250, 0
  1074.94006 169, 169, -250, 0
  1074.95007 163, 163, -250, 0
  1074.96008 156, 156, -250, 0
  1074.97009 149, 149, -250, 0
  1074.98010 142, 142, -250, 0
  1074.99011 134, 134, -250, 0
  1075.00012 126, 126, -250, 0
  1075.01001 119, 119, -250, 0
  1075.02002 111, 111, -250, 0
  1075.03003 104, 104, -250, 0
  1075.04004 97, 97, -250, 0
  1075.05017 90, 90, -250, 0
  1075.06006 83, 83, -250, 0
  1075.07007 77, 77, -250, 0
  1075.08008 71, 71, -250, 0
  1075.09009 65, 65, -250, 0
  1075.10022 59, 59, -250, 0
  1075.11011 54, 54, -250, 0
  1075.12012 49, 49, -250, 0
  1075.13000 44, 44, -250, 0
  1075.14001 40, 40, -250, 0
  1075.15002 35, 35, -250, 0
  1075.16003 31, 31, -250, 0
  1075.17004 27, 27, -250, 0
  1075.18005 24, 24, -250, 0
  1075.19006 21, 21, -250, 0
  1075.20007 17, 17, -250, 0
  1075.21008 15, 15, -250, 0
  1075.22009 12, 12, -250, 0
  1075.23010 10, 10, -250, 0
  1075.24011 8, 8, -250, 0
  1075.24292 7, 7, -250, 0
  1090.72705 0, 0, -250, 0
# block number 26
  1090.72705 0, 0, -250, 0
  1090.73010 0, 0, -250, 0
  1090.74011 1, 1, -250, 0
  1090.75000 1, 1, -250, 0
  1090.76001 2, 2, -250, 0
  1090.77002 2, 2, -250, 0
  1090.78003 4, 4, -250, 0
  1090.79004 5, 5, -250, 0
  1090.80005 7, 7, -250, 0
  1090.81006 9, 9, -250, 0
  1090.82007 11, 11, -250, 0
  1090.83008 13, 13, -250, 0
  1090.84009 16, 16, -250, 0
  1090.85010 19, 19, -250, 0
  1090.86011 22, 22, -250, 0
  1090.87012 26, 26, -250, 0
  1090.88000 29, 29, -250, 0
  1090.89001 33, 33, -250, 0
  1090.90002 37, 37, -250, 0
  1090.91003 42, 42, -250, 0
  1090.92004 46, 46, -250, 0
  1090.93005 51, 51, -250, 0
  1090.94006 57, 57, -250, 0
  1090.95007 62, 62, -250, 0
  1090.96008 68, 68, -250, 0
  1090.97009 74, 74, -250, 0
  1090.98010 80, 80, -250, 0
  1090.99011 86, 86, -250, 0
  1091.00012 93, 93, -250, 0
  1091.01001 100, 100, -250, 0
  1091.02002 107, 107, -250, 0
  1091.03003 115, 115, -250, 0
  1091.04004 122, 122, -250, 0
  1091.05017 130, 130, -250, 0
  1091.06006 138, 138, -250, 0
  1091.07007 145, 145, -250, 0
  1091.08008 152, 152, -250, 0
  1091.09009 159, 159, -250, 0
  1091.10022 166, 166, -250, 0
  1091.11011 172, 172, -250, 0
  1091.12012 178, 178, -250, 0
  1091.13000 184, 184, -250, 0
  1091.14001 190, 190, -250, 0
  1091.15002 195, 195, -250, 0
  1091.16003 200, 200, -250, 0
  1091.17004 205, 205, -250, 0
  1091.18005 210, 210, -250, 0
  1091.19006 214, 214, -250, 0
  1091.20007 218, 218, -250, 0
  1091.21008 222, 222, -250, 0
  1091.22009 226, 226, -250, 0
  1091.23010 229, 229, -250, 0
  1091.24011 232, 232, -250, 0
  1091.25000 235, 235, -250, 0
  1091.26001 237, 237, -250, 0
  1091.27002 240, 240, -250, 0
  1091.28003 242, 242, -250, 0
  1091.28442 243, 243, -250, 0
  1118.75061 250, 250, -250, 0
# block number 27
  1118.75061 250, 250, -250, 0
  1118.76001 250, 250, -250, 0
  1118.77002 249, 249, -250, 0
  1118.78003 249, 249, -250, 0
  1118.79004 248, 248, -250, 0
  1118.80005 247, 247, -250, 0
  1118.81006 246, 246, -250, 0
  1118.82007 244, 244, -250, 0
  1118.83008 242, 242, -250, 0
  1118.84009 240, 240, -250, 0
  1118.85010 238, 238, -250, 0
  1118.86011 235, 235, -250, 0
  1118.87012 233, 233, -250, 0
  1118.88000 230, 230, -250, 0
  1118.89001 226, 226, -250, 0
  1118.90002 223, 223, -250, 0
  1118.91003 219, 219, -250, 0
  1118.92004 215, 215, -250, 0
  1118.93005 210, 210, -250, 0
  1118.94006 206, 206, -250, 0
  1118.95007 201, 201, -250, 0
  1118.96008 196, 196, -250, 0
  1118.97009 191, 191, -250, 0
  1118.98010 185, 185, -250, 0
  1118.99011 179, 179, -250, 0
  1119.00012 173, 173, -250, 0
  1119.01001 167, 167, -250, 0
  1119.02002 160, 160, -250, 0
  1119.03003 154, 154, -250, 0
  1119.04004 147, 147, -250, 0
  1119.05017 139, 139, -250, 0
  1119.06006 132, 132, -250, 0
  1119.07007 124, 124, -250, 0
  1119.08008 116, 116, -250, 0
  1119.09009 109, 109, -250, 0
  1119.10022 101, 101, -250, 0
  1119.11011 94, 94, -250, 0
  1119.12012 88, 88, -250, 0
  1119.13000 81, 81, -250, 0
  1119.14001 75, 75, -250, 0
  1119.15002 69, 69, -250, 0
  1119.16003 63, 63, -250, 0
  1119.17004 58, 58, -250, 0
  1119.18005 52, 52, -250, 0
  1119.19006 47, 47, -250, 0
  1119.20007 43, 43, -250, 0
  1119.21008 38, 38, -250, 0
  1119.22009 34, 34, -250, 0
  1119.23010 30, 30, -250, 0
  1119.24011 26, 26, -250, 0
  1119.25000 23, 23, -250, 0
  1119.26001 19, 19, -250, 0
  1119.27002 17, 17, -250, 0
  1119.28003 14, 14, -250, 0
  1119.29004 11, 11, -250, 0
  1119.30005 9, 9, -250, 0
  1119.30945 7, 7, -250, 0
  1134.75781 0, 0, -250, 0
# block number 28
  1134.75781 0, 0, -250, 0
  1134.76001 0, 0, -250, 0
  1134.77002 1, 1, -250, 0
  1134.78003 1, 1, -250, 0
  1134.79004 2, 2, -250, 0
  1134.80005 2, 2, -250, 0
  1134.81006 3, 3, -250, 0
  1134.82007 5, 5, -250, 0
  1134.83008 7, 7, -250, 0
  1134.84009 8, 8, -250, 0
  1134.85010 11, 11, -250, 0
  1134.86011 13, 13, -250, 0
  1134.87012 16, 16, -250, 0
  1134.88000 19, 19, -250, 0
  1134.89001 22, 22, -250, 0
  1134.90002 25, 25, -250, 0
  1134.91003 29, 29, -250, 0
  1134.92004 33, 33, -250, 0
  1134.93005 37, 37, -250, 0
  1134.94006 41, 41, -250, 0
  1134.95007 46, 46, -250, 0
  1134.96008 51, 51, -250, 0
  1134.97009 56, 56, -250, 0
  1134.98010 62, 62, -250, 0
  1134.99011 67, 67, -250, 0
  1135.00012 73, 73, -250, 0
  1135.01001 79, 79, -250, 0
  1135.02002 86, 86, -250, 0
  1135.03003 92, 92, -250, 0
  1135.04004 99, 99, -250, 0
  1135.05017 107, 107, -250, 0
  1135.06006 114, 114, -250, 0
  1135.07007 122, 122, -250, 0
  1135.08008 129, 129, -250, 0
  1135.09009 137, 137, -250, 0
  1135.10022 144, 144, -250, 0
  1135.11011 152, 152, -250, 0
  1135.12012 158, 158, -250, 0
  1135.13000 165, 165, -250, 0
  1135.14001 171, 171, -250, 0
  1135.15002 178, 178, -250, 0
  1135.16003 183, 183, -250, 0
  1135.17004 189, 189, -250, 0
  1135.18005 194, 194, -250, 0
  1135.19006 200, 200, -250, 0
  1135.20007 205, 205, -250, 0
  1135.21008 209, 209, -250, 0
  1135.22009 214, 214, -250, 0
  1135.23010 218, 218, -250, 0
  1135.24011 222, 222, -250, 0
  1135.25000 225, 225, -250, 0
  1135.26001 229, 229, -250, 0
  1135.27002 232, 232, -250, 0
  1135.28003 235, 235, -250, 0
  1135.29004 237, 237, -250, 0
  1135.30005 240, 240, -250, 0
  1135.31006 242, 242, -250, 0
  1135.31531 243, 243, -250, 0
# block number 29
  1135.32007 244, 244, -250, 0
  1135.33008 245, 245, -250, 0
  1135.34009 247, 247, -250, 0
  1135.35010 248, 248, -250, 0
  1135.36011 248, 248, -250, 0
  1135.37012 249, 249, -250, 0
  1135.38000 249, 249, -250, 0
  1135.39014 250, 250, -250, 0
  1135.40002 250, 250, -250, 0
  1135.41003 249, 249, -250, 0
  1135.42004 249, 249, -250, 0
  1135.43005 248, 248, -250, 0
  1135.44019 247, 247, -250, 0
  1135.45007 245, 245, -250, 0
  1135.46008 244, 244, -250, 0
  1135.47009 242, 242, -250, 0
  1135.48010 240, 240, -250, 0
  1135.49023 238, 238, -250, 0
  1135.50000 235, 235, -250, 0
  1135.51001 232, 232, -250, 0
  1135.52002 229, 229, -250, 0
  1135.53003 226, 226, -250, 0
  1135.54004 222, 222, -250, 0
  1135.55005 218, 218, -250, 0
  1135.56006 214, 214, -250, 0
  1135.57007 210, 210, -250, 0
  1135.58008 205, 205, -250, 0
  1135.59009 200, 200, -250, 0
  1135.60010 195, 195, -250, 0
  1135.61011 190, 190, -250, 0
  1135.62012 184, 184, -250, 0
  1135.63000 178, 178, -250, 0
  1135.64001 172, 172, -250, 0
  1135.65002 166, 166, -250, 0
  1135.66003 159, 159, -250, 0
  1135.67004 152, 152, -250, 0
  1135.68005 145, 145, -250, 0
  1135.69006 138, 138, -250, 0
  1135.70007 130, 130, -250, 0
  1135.71008 123, 123, -250, 0
  1135.72009 115, 115, -250, 0
  1135.73010 107, 107, -250, 0
  1135.74011 100, 100, -250, 0
  1135.75000 93, 93, -250, 0
  1135.76001 87, 87, -250, 0
  1135.77002 80, 80, -250, 0
  1135.78015 74, 74, -250, 0
  1135.79004 68, 68, -250, 0
  1135.80005 62, 62, -250, 0
  1135.81006 57, 57, -250, 0
  1135.82007 52, 52, -250, 0
  1135.83020 47, 47, -250, 0
  1135.84009 42, 42, -250, 0
  1135.85010 37, 37, -250, 0
  1135.86011 33, 33, -250, 0
  1135.87012 29, 29, -250, 0
  1135.88000 26, 26, -250, 0
  1135.89001 22, 22, -250, 0
  1135.90002 19, 19, -250, 0
  1135.91003 16, 16, -250, 0
  1135.92004 13, 13, -250, 0
  1135.93005 11, 11, -250, 0
  1135.94006 9, 9, -250, 0
